<?xml version="1.0" encoding="UTF-8"?>
<testsuite xmlns:xsi="http://www.w3.org/2001/XMLSchema-instance" xsi:noNamespaceSchemaLocation="https://maven.apache.org/surefire/maven-surefire-plugin/xsd/surefire-test-report-3.0.xsd" version="3.0" name="AreaCalculatorTest" time="0.184" tests="3" errors="0" skipped="0" failures="0">
  <properties>
[...]
</properties>
  <testcase name="areaCalc(int, int, int, double)[1]" classname="AreaCalculatorTest" time="0.032">
    <system-out><![CDATA[18:48:26,646 |-INFO in ch.qos.logback.classic.LoggerContext[default] - Could NOT find resource [logback-test.xml]
18:48:26,646 |-INFO in ch.qos.logback.classic.LoggerContext[default] - Could NOT find resource [logback.groovy]
18:48:26,646 |-INFO in ch.qos.logback.classic.LoggerContext[default] - Found resource [logback.xml] at [file:/P:/gamedev/%D0%A2%D0%B5%D1%81%D1%82%D0%B8%D1%80%D0%BE%D0%B2%D0%B0%D0%BD%D0%B8%D0%B5/Java/HW_webcore_4/target/test-classes/logback.xml]
18:48:26,684 |-INFO in ch.qos.logback.classic.joran.action.ConfigurationAction - debug attribute not set
18:48:26,684 |-INFO in ch.qos.logback.core.joran.action.AppenderAction - About to instantiate appender of type [ch.qos.logback.core.ConsoleAppender]
18:48:26,689 |-INFO in ch.qos.logback.core.joran.action.AppenderAction - Naming appender as [CONSOLE]
18:48:26,708 |-WARN in ch.qos.logback.core.ConsoleAppender[CONSOLE] - This appender no longer admits a layout as a sub-component, set an encoder instead.
18:48:26,708 |-WARN in ch.qos.logback.core.ConsoleAppender[CONSOLE] - To ensure compatibility, wrapping your layout in LayoutWrappingEncoder.
18:48:26,708 |-WARN in ch.qos.logback.core.ConsoleAppender[CONSOLE] - See also http://logback.qos.ch/codes.html#layoutInsteadOfEncoder for details
18:48:26,709 |-INFO in ch.qos.logback.classic.joran.action.RootLoggerAction - Setting level of ROOT logger to INFO
18:48:26,709 |-INFO in ch.qos.logback.core.joran.action.AppenderRefAction - Attaching appender named [CONSOLE] to Logger[ROOT]
18:48:26,709 |-INFO in ch.qos.logback.classic.joran.action.ConfigurationAction - End of configuration.
18:48:26,709 |-INFO in ch.qos.logback.classic.joran.JoranConfigurator@2ddc8ecb - Registering current configuration as safe fallback point

18:48:26.712 [main]  INFO  AreaCalculatorTest - Перед тестами
]]></system-out>
    <system-err><![CDATA[июн 01, 2021 6:48:26 PM TimingExtension afterTestExecution
INFO: Method[areaCalc] took 21ms
]]></system-err>
  </testcase>
  <testcase name="areaCalc(int, int, int, double)[2]" classname="AreaCalculatorTest" time="0.002">
    <system-err><![CDATA[июн 01, 2021 6:48:26 PM TimingExtension afterTestExecution
INFO: Method[areaCalc] took 0ms
]]></system-err>
  </testcase>
  <testcase name="sideTest" classname="AreaCalculatorTest" time="0.002">
    <system-err><![CDATA[июн 01, 2021 6:48:26 PM TimingExtension afterTestExecution
INFO: Method[sideTest] took 1ms
]]></system-err>
  </testcase>
</testsuite>